<?xml version="1.0" encoding="UTF-8"?>
<!-- Generated by org.testng.reporters.JUnitReportReporter -->
<testsuite hostname="DESKTOP-QA9DDMF" failures="1" tests="3" name="runners.ParallelRunner" time="54.140" errors="0" timestamp="2023-12-06T17:49:17 IST" skipped="0">
  <testcase classname="runners.ParallelRunner" name="runScenario" time="18.764"/>
  <system-out/>
  <testcase classname="runners.ParallelRunner" name="runScenario" time="15.482"/>
  <system-out/>
  <testcase classname="runners.ParallelRunner" name="runScenario" time="19.894">
    <failure message="expected [Selenium Tutorial - Google Search Page] but found [Selenium Tutorial - Google Search]" type="java.lang.AssertionError">
      <![CDATA[java.lang.AssertionError: expected [Selenium Tutorial - Google Search Page] but found [Selenium Tutorial - Google Search]
at org.testng.Assert.fail(Assert.java:99)
at org.testng.Assert.failNotEquals(Assert.java:1037)
at org.testng.Assert.assertEqualsImpl(Assert.java:140)
at org.testng.Assert.assertEquals(Assert.java:122)
at org.testng.Assert.assertEquals(Assert.java:629)
at org.testng.Assert.assertEquals(Assert.java:639)
at stepDefs.GooglePageStepDef.should_display_selenium_result_page(GooglePageStepDef.java:49)
at âœ½.should display Selenium Result Page(file:///C:/Amit/Selenium%20WorkSpace%20TCS%20Training16NOV2023/BDDSamplesB40/src/test/resources/features/GoogleSearchPage.feature:11)
]]>
    </failure>
  </testcase> <!-- runScenario -->
  <system-out/>
</testsuite> <!-- runners.ParallelRunner -->
